[panther.wiki/worldpoker/index.html]
[backblue.gif]
[fade.gif]
[index.html]
[browser.sentry-cdn.com/6.4.1/bundle.min.js]
[www.google-analytics.com/analytics.js]
[d13pxqgp3ixdbh.cloudfront.net/uploads/16419272155030254b95f34eadab6f5b5b46e2310e.jpg]
[d13pxqgp3ixdbh.cloudfront.net/uploads/16419271762b38ea7d2818bea8d88b0217ba52753f.png]
[d13pxqgp3ixdbh.cloudfront.net/uploads/16419219829cbd0ede4beebc14954837cab15e25cf.png]
[d13pxqgp3ixdbh.cloudfront.net/uploads/15163984366c3b486845f53e6dea12d16b1c2fbdf1.png]
[d13pxqgp3ixdbh.cloudfront.net/uploads/1636471537cc9c306f7c389c185189bf3daf7260c1.png]
[d13pxqgp3ixdbh.cloudfront.net/uploads/16356530149871f3ad26cacfb5ad62be3af4f83078.png]
[d13pxqgp3ixdbh.cloudfront.net/uploads/16356530079192e6f42956c06c93882dc8f2b524f5.png]
[d13pxqgp3ixdbh.cloudfront.net/uploads/16356530209e46ef11b612e6f52b6e6b67f322a7af.png]
[d13pxqgp3ixdbh.cloudfront.net/uploads/163565302671a941e9ac48f19ce1f2ca237332eb50.png]
[d13pxqgp3ixdbh.cloudfront.net/uploads/1636472786ee1905a53e0b903bb72600a288d20d03.png]
[d13pxqgp3ixdbh.cloudfront.net/uploads/16419220644f6f7e1b578623ffe365863261ff56df.png]
[d13pxqgp3ixdbh.cloudfront.net/uploads/1635653021ac61a7aa31f58b94c30339f142fa4242.png]
[d13pxqgp3ixdbh.cloudfront.net/uploads/163542468278c021e06cc778d4aef36f80e47413a2.gif]
[ajax.googleapis.com/ajax/libs/jquery/2.2.4/jquery.min.js]
[d12u7tum9sda5e.cloudfront.net/acf8abd.js]
[panther.wiki/worldpoker/customTemplateGlobal.11.delayed]
[panther.wiki/worldpoker/index.html]
[panther.wiki/worldpoker/customTemplateGlobal.html]
